Analysis & Synthesis report for finalProject
Sat Nov 11 20:47:01 2017
Quartus Prime Version 16.0.0 Build 211 04/27/2016 SJ Lite Edition


---------------------
; Table of Contents ;
---------------------
  1. Legal Notice
  2. Analysis & Synthesis Summary
  3. Analysis & Synthesis Settings
  4. Parallel Compilation
  5. Analysis & Synthesis Source Files Read
  6. Analysis & Synthesis Resource Usage Summary
  7. Analysis & Synthesis Resource Utilization by Entity
  8. Analysis & Synthesis RAM Summary
  9. General Register Statistics
 10. Registers Packed Into Inferred Megafunctions
 11. Source assignments for imgRAM_readOnly:imgRam|altsyncram:IMG_ram_rtl_0|altsyncram_nha1:auto_generated
 12. Parameter Settings for Inferred Entity Instance: imgRAM_readOnly:imgRam|altsyncram:IMG_ram_rtl_0
 13. altsyncram Parameter Settings by Entity Instance
 14. Port Connectivity Checks: "imgRAM_readOnly:imgRam"
 15. Post-Synthesis Netlist Statistics for Top Partition
 16. Elapsed Time Per Partition
 17. Analysis & Synthesis Messages



----------------
; Legal Notice ;
----------------
Copyright (C) 1991-2016 Altera Corporation. All rights reserved.
Your use of Altera Corporation's design tools, logic functions 
and other software and tools, and its AMPP partner logic 
functions, and any output files from any of the foregoing 
(including device programming or simulation files), and any 
associated documentation or information are expressly subject 
to the terms and conditions of the Altera Program License 
Subscription Agreement, the Altera Quartus Prime License Agreement,
the Altera MegaCore Function License Agreement, or other 
applicable license agreement, including, without limitation, 
that your use is for the sole purpose of programming logic 
devices manufactured by Altera and sold by Altera or its 
authorized distributors.  Please refer to the applicable 
agreement for further details.



+-------------------------------------------------------------------------------+
; Analysis & Synthesis Summary                                                  ;
+---------------------------------+---------------------------------------------+
; Analysis & Synthesis Status     ; Successful - Sat Nov 11 20:47:01 2017       ;
; Quartus Prime Version           ; 16.0.0 Build 211 04/27/2016 SJ Lite Edition ;
; Revision Name                   ; finalProject                                ;
; Top-level Entity Name           ; finalProject                                ;
; Family                          ; Cyclone V                                   ;
; Logic utilization (in ALMs)     ; N/A                                         ;
; Total registers                 ; 0                                           ;
; Total pins                      ; 19                                          ;
; Total virtual pins              ; 0                                           ;
; Total block memory bits         ; 8,192                                       ;
; Total DSP Blocks                ; 0                                           ;
; Total HSSI RX PCSs              ; 0                                           ;
; Total HSSI PMA RX Deserializers ; 0                                           ;
; Total HSSI TX PCSs              ; 0                                           ;
; Total HSSI PMA TX Serializers   ; 0                                           ;
; Total PLLs                      ; 0                                           ;
; Total DLLs                      ; 0                                           ;
+---------------------------------+---------------------------------------------+


+---------------------------------------------------------------------------------------------------------------------------+
; Analysis & Synthesis Settings                                                                                             ;
+---------------------------------------------------------------------------------+--------------------+--------------------+
; Option                                                                          ; Setting            ; Default Value      ;
+---------------------------------------------------------------------------------+--------------------+--------------------+
; Device                                                                          ; 5CSEMA5F31C6       ;                    ;
; Top-level entity name                                                           ; finalProject       ; finalProject       ;
; Family name                                                                     ; Cyclone V          ; Cyclone V          ;
; Use smart compilation                                                           ; Off                ; Off                ;
; Enable parallel Assembler and TimeQuest Timing Analyzer during compilation      ; On                 ; On                 ;
; Enable compact report table                                                     ; Off                ; Off                ;
; Restructure Multiplexers                                                        ; Auto               ; Auto               ;
; MLAB Add Timing Constraints For Mixed-Port Feed-Through Mode Setting Don't Care ; Off                ; Off                ;
; Create Debugging Nodes for IP Cores                                             ; Off                ; Off                ;
; Preserve fewer node names                                                       ; On                 ; On                 ;
; Disable OpenCore Plus hardware evaluation                                       ; Off                ; Off                ;
; Verilog Version                                                                 ; Verilog_2001       ; Verilog_2001       ;
; VHDL Version                                                                    ; VHDL_1993          ; VHDL_1993          ;
; State Machine Processing                                                        ; Auto               ; Auto               ;
; Safe State Machine                                                              ; Off                ; Off                ;
; Extract Verilog State Machines                                                  ; On                 ; On                 ;
; Extract VHDL State Machines                                                     ; On                 ; On                 ;
; Ignore Verilog initial constructs                                               ; Off                ; Off                ;
; Iteration limit for constant Verilog loops                                      ; 5000               ; 5000               ;
; Iteration limit for non-constant Verilog loops                                  ; 250                ; 250                ;
; Add Pass-Through Logic to Inferred RAMs                                         ; On                 ; On                 ;
; Infer RAMs from Raw Logic                                                       ; On                 ; On                 ;
; Parallel Synthesis                                                              ; On                 ; On                 ;
; DSP Block Balancing                                                             ; Auto               ; Auto               ;
; NOT Gate Push-Back                                                              ; On                 ; On                 ;
; Power-Up Don't Care                                                             ; On                 ; On                 ;
; Remove Redundant Logic Cells                                                    ; Off                ; Off                ;
; Remove Duplicate Registers                                                      ; On                 ; On                 ;
; Ignore CARRY Buffers                                                            ; Off                ; Off                ;
; Ignore CASCADE Buffers                                                          ; Off                ; Off                ;
; Ignore GLOBAL Buffers                                                           ; Off                ; Off                ;
; Ignore ROW GLOBAL Buffers                                                       ; Off                ; Off                ;
; Ignore LCELL Buffers                                                            ; Off                ; Off                ;
; Ignore SOFT Buffers                                                             ; On                 ; On                 ;
; Limit AHDL Integers to 32 Bits                                                  ; Off                ; Off                ;
; Optimization Technique                                                          ; Balanced           ; Balanced           ;
; Carry Chain Length                                                              ; 70                 ; 70                 ;
; Auto Carry Chains                                                               ; On                 ; On                 ;
; Auto Open-Drain Pins                                                            ; On                 ; On                 ;
; Perform WYSIWYG Primitive Resynthesis                                           ; Off                ; Off                ;
; Auto ROM Replacement                                                            ; On                 ; On                 ;
; Auto RAM Replacement                                                            ; On                 ; On                 ;
; Auto DSP Block Replacement                                                      ; On                 ; On                 ;
; Auto Shift Register Replacement                                                 ; Auto               ; Auto               ;
; Allow Shift Register Merging across Hierarchies                                 ; Auto               ; Auto               ;
; Auto Clock Enable Replacement                                                   ; On                 ; On                 ;
; Strict RAM Replacement                                                          ; Off                ; Off                ;
; Allow Synchronous Control Signals                                               ; On                 ; On                 ;
; Force Use of Synchronous Clear Signals                                          ; Off                ; Off                ;
; Auto Resource Sharing                                                           ; Off                ; Off                ;
; Allow Any RAM Size For Recognition                                              ; Off                ; Off                ;
; Allow Any ROM Size For Recognition                                              ; Off                ; Off                ;
; Allow Any Shift Register Size For Recognition                                   ; Off                ; Off                ;
; Use LogicLock Constraints during Resource Balancing                             ; On                 ; On                 ;
; Ignore translate_off and synthesis_off directives                               ; Off                ; Off                ;
; Timing-Driven Synthesis                                                         ; On                 ; On                 ;
; Report Parameter Settings                                                       ; On                 ; On                 ;
; Report Source Assignments                                                       ; On                 ; On                 ;
; Report Connectivity Checks                                                      ; On                 ; On                 ;
; Ignore Maximum Fan-Out Assignments                                              ; Off                ; Off                ;
; Synchronization Register Chain Length                                           ; 3                  ; 3                  ;
; PowerPlay Power Optimization During Synthesis                                   ; Normal compilation ; Normal compilation ;
; HDL message level                                                               ; Level2             ; Level2             ;
; Suppress Register Optimization Related Messages                                 ; Off                ; Off                ;
; Number of Removed Registers Reported in Synthesis Report                        ; 5000               ; 5000               ;
; Number of Swept Nodes Reported in Synthesis Report                              ; 5000               ; 5000               ;
; Number of Inverted Registers Reported in Synthesis Report                       ; 100                ; 100                ;
; Clock MUX Protection                                                            ; On                 ; On                 ;
; Auto Gated Clock Conversion                                                     ; Off                ; Off                ;
; Block Design Naming                                                             ; Auto               ; Auto               ;
; SDC constraint protection                                                       ; Off                ; Off                ;
; Synthesis Effort                                                                ; Auto               ; Auto               ;
; Shift Register Replacement - Allow Asynchronous Clear Signal                    ; On                 ; On                 ;
; Pre-Mapping Resynthesis Optimization                                            ; Off                ; Off                ;
; Analysis & Synthesis Message Level                                              ; Medium             ; Medium             ;
; Disable Register Merging Across Hierarchies                                     ; Auto               ; Auto               ;
; Resource Aware Inference For Block RAM                                          ; On                 ; On                 ;
; Synthesis Seed                                                                  ; 1                  ; 1                  ;
; Automatic Parallel Synthesis                                                    ; On                 ; On                 ;
; Partial Reconfiguration Bitstream ID                                            ; Off                ; Off                ;
+---------------------------------------------------------------------------------+--------------------+--------------------+


Parallel compilation was disabled, but you have multiple processors available. Enable parallel compilation to reduce compilation time.
+-------------------------------------+
; Parallel Compilation                ;
+----------------------------+--------+
; Processors                 ; Number ;
+----------------------------+--------+
; Number detected on machine ; 8      ;
; Maximum allowed            ; 1      ;
+----------------------------+--------+


+-------------------------------------------------------------------------------------------------------------------------------------------------------------------------------------------+
; Analysis & Synthesis Source Files Read                                                                                                                                                    ;
+----------------------------------+-----------------+----------------------------------------+-----------------------------------------------------------------------------------+---------+
; File Name with User-Entered Path ; Used in Netlist ; File Type                              ; File Name with Absolute Path                                                      ; Library ;
+----------------------------------+-----------------+----------------------------------------+-----------------------------------------------------------------------------------+---------+
; finalProject.v                   ; yes             ; User Verilog HDL File                  ; C:/Users/Johnny Zou/Desktop/2nd Year/Verilog/Final Project/finalProject.v         ;         ;
; altsyncram.tdf                   ; yes             ; Megafunction                           ; c:/altera_lite/16.0/quartus/libraries/megafunctions/altsyncram.tdf                ;         ;
; stratix_ram_block.inc            ; yes             ; Megafunction                           ; c:/altera_lite/16.0/quartus/libraries/megafunctions/stratix_ram_block.inc         ;         ;
; lpm_mux.inc                      ; yes             ; Megafunction                           ; c:/altera_lite/16.0/quartus/libraries/megafunctions/lpm_mux.inc                   ;         ;
; lpm_decode.inc                   ; yes             ; Megafunction                           ; c:/altera_lite/16.0/quartus/libraries/megafunctions/lpm_decode.inc                ;         ;
; aglobal160.inc                   ; yes             ; Megafunction                           ; c:/altera_lite/16.0/quartus/libraries/megafunctions/aglobal160.inc                ;         ;
; a_rdenreg.inc                    ; yes             ; Megafunction                           ; c:/altera_lite/16.0/quartus/libraries/megafunctions/a_rdenreg.inc                 ;         ;
; altrom.inc                       ; yes             ; Megafunction                           ; c:/altera_lite/16.0/quartus/libraries/megafunctions/altrom.inc                    ;         ;
; altram.inc                       ; yes             ; Megafunction                           ; c:/altera_lite/16.0/quartus/libraries/megafunctions/altram.inc                    ;         ;
; altdpram.inc                     ; yes             ; Megafunction                           ; c:/altera_lite/16.0/quartus/libraries/megafunctions/altdpram.inc                  ;         ;
; db/altsyncram_nha1.tdf           ; yes             ; Auto-Generated Megafunction            ; C:/Users/Johnny Zou/Desktop/2nd Year/Verilog/Final Project/db/altsyncram_nha1.tdf ;         ;
; image.mif                        ; yes             ; Auto-Found Memory Initialization File  ; C:/Users/Johnny Zou/Desktop/2nd Year/Verilog/Final Project/image.mif              ;         ;
+----------------------------------+-----------------+----------------------------------------+-----------------------------------------------------------------------------------+---------+


+--------------------------------------------------------------+
; Analysis & Synthesis Resource Usage Summary                  ;
+---------------------------------------------+----------------+
; Resource                                    ; Usage          ;
+---------------------------------------------+----------------+
; Estimate of Logic utilization (ALMs needed) ; 0              ;
;                                             ;                ;
; Combinational ALUT usage for logic          ; 0              ;
;     -- 7 input functions                    ; 0              ;
;     -- 6 input functions                    ; 0              ;
;     -- 5 input functions                    ; 0              ;
;     -- 4 input functions                    ; 0              ;
;     -- <=3 input functions                  ; 0              ;
;                                             ;                ;
; Dedicated logic registers                   ; 0              ;
;                                             ;                ;
; I/O pins                                    ; 19             ;
; Total MLAB memory bits                      ; 0              ;
; Total block memory bits                     ; 8192           ;
;                                             ;                ;
; Total DSP Blocks                            ; 0              ;
;                                             ;                ;
; Maximum fan-out node                        ; CLOCK_50~input ;
; Maximum fan-out                             ; 8              ;
; Total fan-out                               ; 115            ;
; Average fan-out                             ; 2.50           ;
+---------------------------------------------+----------------+


+---------------------------------------------------------------------------------------------------------------------------------------------------------------------------------------------------------------------------------------------------------------------+
; Analysis & Synthesis Resource Utilization by Entity                                                                                                                                                                                                                 ;
+-------------------------------------------+-------------------+--------------+-------------------+------------+------+--------------+----------------------------------------------------------------------------------------------+-----------------+--------------+
; Compilation Hierarchy Node                ; LC Combinationals ; LC Registers ; Block Memory Bits ; DSP Blocks ; Pins ; Virtual Pins ; Full Hierarchy Name                                                                          ; Entity Name     ; Library Name ;
+-------------------------------------------+-------------------+--------------+-------------------+------------+------+--------------+----------------------------------------------------------------------------------------------+-----------------+--------------+
; |finalProject                             ; 0 (0)             ; 0 (0)        ; 8192              ; 0          ; 19   ; 0            ; |finalProject                                                                                ; finalProject    ; work         ;
;    |imgRAM_readOnly:imgRam|               ; 0 (0)             ; 0 (0)        ; 8192              ; 0          ; 0    ; 0            ; |finalProject|imgRAM_readOnly:imgRam                                                         ; imgRAM_readOnly ; work         ;
;       |altsyncram:IMG_ram_rtl_0|          ; 0 (0)             ; 0 (0)        ; 8192              ; 0          ; 0    ; 0            ; |finalProject|imgRAM_readOnly:imgRam|altsyncram:IMG_ram_rtl_0                                ; altsyncram      ; work         ;
;          |altsyncram_nha1:auto_generated| ; 0 (0)             ; 0 (0)        ; 8192              ; 0          ; 0    ; 0            ; |finalProject|imgRAM_readOnly:imgRam|altsyncram:IMG_ram_rtl_0|altsyncram_nha1:auto_generated ; altsyncram_nha1 ; work         ;
+-------------------------------------------+-------------------+--------------+-------------------+------------+------+--------------+----------------------------------------------------------------------------------------------+-----------------+--------------+
Note: For table entries with two numbers listed, the numbers in parentheses indicate the number of resources of the given type used by the specific entity alone. The numbers listed outside of parentheses indicate the total resources of the given type used by the specific entity and all of its sub-entities in the hierarchy.


+----------------------------------------------------------------------------------------------------------------------------------------------------------------------------------------+
; Analysis & Synthesis RAM Summary                                                                                                                                                       ;
+-------------------------------------------------------------------------------------------+------+------+--------------+--------------+--------------+--------------+------+-----------+
; Name                                                                                      ; Type ; Mode ; Port A Depth ; Port A Width ; Port B Depth ; Port B Width ; Size ; MIF       ;
+-------------------------------------------------------------------------------------------+------+------+--------------+--------------+--------------+--------------+------+-----------+
; imgRAM_readOnly:imgRam|altsyncram:IMG_ram_rtl_0|altsyncram_nha1:auto_generated|ALTSYNCRAM ; AUTO ; ROM  ; 1025         ; 8            ; --           ; --           ; 8200 ; image.mif ;
+-------------------------------------------------------------------------------------------+------+------+--------------+--------------+--------------+--------------+------+-----------+


+------------------------------------------------------+
; General Register Statistics                          ;
+----------------------------------------------+-------+
; Statistic                                    ; Value ;
+----------------------------------------------+-------+
; Total registers                              ; 0     ;
; Number of registers using Synchronous Clear  ; 0     ;
; Number of registers using Synchronous Load   ; 0     ;
; Number of registers using Asynchronous Clear ; 0     ;
; Number of registers using Asynchronous Load  ; 0     ;
; Number of registers using Clock Enable       ; 0     ;
; Number of registers using Preset             ; 0     ;
+----------------------------------------------+-------+


+---------------------------------------------------------------------------------------+
; Registers Packed Into Inferred Megafunctions                                          ;
+-----------------------------------------+--------------------------------------+------+
; Register Name                           ; Megafunction                         ; Type ;
+-----------------------------------------+--------------------------------------+------+
; imgRAM_readOnly:imgRam|outputData[0..7] ; imgRAM_readOnly:imgRam|IMG_ram_rtl_0 ; RAM  ;
+-----------------------------------------+--------------------------------------+------+


+-------------------------------------------------------------------------------------------------------+
; Source assignments for imgRAM_readOnly:imgRam|altsyncram:IMG_ram_rtl_0|altsyncram_nha1:auto_generated ;
+---------------------------------+--------------------+------+-----------------------------------------+
; Assignment                      ; Value              ; From ; To                                      ;
+---------------------------------+--------------------+------+-----------------------------------------+
; OPTIMIZE_POWER_DURING_SYNTHESIS ; NORMAL_COMPILATION ; -    ; -                                       ;
+---------------------------------+--------------------+------+-----------------------------------------+


+--------------------------------------------------------------------------------------------------+
; Parameter Settings for Inferred Entity Instance: imgRAM_readOnly:imgRam|altsyncram:IMG_ram_rtl_0 ;
+------------------------------------+----------------------+--------------------------------------+
; Parameter Name                     ; Value                ; Type                                 ;
+------------------------------------+----------------------+--------------------------------------+
; BYTE_SIZE_BLOCK                    ; 8                    ; Untyped                              ;
; AUTO_CARRY_CHAINS                  ; ON                   ; AUTO_CARRY                           ;
; IGNORE_CARRY_BUFFERS               ; OFF                  ; IGNORE_CARRY                         ;
; AUTO_CASCADE_CHAINS                ; ON                   ; AUTO_CASCADE                         ;
; IGNORE_CASCADE_BUFFERS             ; OFF                  ; IGNORE_CASCADE                       ;
; WIDTH_BYTEENA                      ; 1                    ; Untyped                              ;
; OPERATION_MODE                     ; ROM                  ; Untyped                              ;
; WIDTH_A                            ; 8                    ; Untyped                              ;
; WIDTHAD_A                          ; 11                   ; Untyped                              ;
; NUMWORDS_A                         ; 1025                 ; Untyped                              ;
; OUTDATA_REG_A                      ; UNREGISTERED         ; Untyped                              ;
; ADDRESS_ACLR_A                     ; NONE                 ; Untyped                              ;
; OUTDATA_ACLR_A                     ; NONE                 ; Untyped                              ;
; WRCONTROL_ACLR_A                   ; NONE                 ; Untyped                              ;
; INDATA_ACLR_A                      ; NONE                 ; Untyped                              ;
; BYTEENA_ACLR_A                     ; NONE                 ; Untyped                              ;
; WIDTH_B                            ; 1                    ; Untyped                              ;
; WIDTHAD_B                          ; 1                    ; Untyped                              ;
; NUMWORDS_B                         ; 1                    ; Untyped                              ;
; INDATA_REG_B                       ; CLOCK1               ; Untyped                              ;
; WRCONTROL_WRADDRESS_REG_B          ; CLOCK1               ; Untyped                              ;
; RDCONTROL_REG_B                    ; CLOCK1               ; Untyped                              ;
; ADDRESS_REG_B                      ; CLOCK1               ; Untyped                              ;
; OUTDATA_REG_B                      ; UNREGISTERED         ; Untyped                              ;
; BYTEENA_REG_B                      ; CLOCK1               ; Untyped                              ;
; INDATA_ACLR_B                      ; NONE                 ; Untyped                              ;
; WRCONTROL_ACLR_B                   ; NONE                 ; Untyped                              ;
; ADDRESS_ACLR_B                     ; NONE                 ; Untyped                              ;
; OUTDATA_ACLR_B                     ; NONE                 ; Untyped                              ;
; RDCONTROL_ACLR_B                   ; NONE                 ; Untyped                              ;
; BYTEENA_ACLR_B                     ; NONE                 ; Untyped                              ;
; WIDTH_BYTEENA_A                    ; 1                    ; Untyped                              ;
; WIDTH_BYTEENA_B                    ; 1                    ; Untyped                              ;
; RAM_BLOCK_TYPE                     ; AUTO                 ; Untyped                              ;
; BYTE_SIZE                          ; 8                    ; Untyped                              ;
; READ_DURING_WRITE_MODE_MIXED_PORTS ; DONT_CARE            ; Untyped                              ;
; READ_DURING_WRITE_MODE_PORT_A      ; NEW_DATA_NO_NBE_READ ; Untyped                              ;
; READ_DURING_WRITE_MODE_PORT_B      ; NEW_DATA_NO_NBE_READ ; Untyped                              ;
; INIT_FILE                          ;  image.mif           ; Untyped                              ;
; INIT_FILE_LAYOUT                   ; PORT_A               ; Untyped                              ;
; MAXIMUM_DEPTH                      ; 0                    ; Untyped                              ;
; CLOCK_ENABLE_INPUT_A               ; NORMAL               ; Untyped                              ;
; CLOCK_ENABLE_INPUT_B               ; NORMAL               ; Untyped                              ;
; CLOCK_ENABLE_OUTPUT_A              ; NORMAL               ; Untyped                              ;
; CLOCK_ENABLE_OUTPUT_B              ; NORMAL               ; Untyped                              ;
; CLOCK_ENABLE_CORE_A                ; USE_INPUT_CLKEN      ; Untyped                              ;
; CLOCK_ENABLE_CORE_B                ; USE_INPUT_CLKEN      ; Untyped                              ;
; ENABLE_ECC                         ; FALSE                ; Untyped                              ;
; ECC_PIPELINE_STAGE_ENABLED         ; FALSE                ; Untyped                              ;
; WIDTH_ECCSTATUS                    ; 3                    ; Untyped                              ;
; DEVICE_FAMILY                      ; Cyclone V            ; Untyped                              ;
; CBXI_PARAMETER                     ; altsyncram_nha1      ; Untyped                              ;
+------------------------------------+----------------------+--------------------------------------+
Note: In order to hide this table in the UI and the text report file, please set the "Show Parameter Settings in Synthesis Report" option in "Analysis and Synthesis Settings -> More Settings" to "Off".


+---------------------------------------------------------------------------------------------+
; altsyncram Parameter Settings by Entity Instance                                            ;
+-------------------------------------------+-------------------------------------------------+
; Name                                      ; Value                                           ;
+-------------------------------------------+-------------------------------------------------+
; Number of entity instances                ; 1                                               ;
; Entity Instance                           ; imgRAM_readOnly:imgRam|altsyncram:IMG_ram_rtl_0 ;
;     -- OPERATION_MODE                     ; ROM                                             ;
;     -- WIDTH_A                            ; 8                                               ;
;     -- NUMWORDS_A                         ; 1025                                            ;
;     -- OUTDATA_REG_A                      ; UNREGISTERED                                    ;
;     -- WIDTH_B                            ; 1                                               ;
;     -- NUMWORDS_B                         ; 1                                               ;
;     -- ADDRESS_REG_B                      ; CLOCK1                                          ;
;     -- OUTDATA_REG_B                      ; UNREGISTERED                                    ;
;     -- RAM_BLOCK_TYPE                     ; AUTO                                            ;
;     -- READ_DURING_WRITE_MODE_MIXED_PORTS ; DONT_CARE                                       ;
+-------------------------------------------+-------------------------------------------------+


+----------------------------------------------------+
; Port Connectivity Checks: "imgRAM_readOnly:imgRam" ;
+-------------+-------+----------+-------------------+
; Port        ; Type  ; Severity ; Details           ;
+-------------+-------+----------+-------------------+
; inputData   ; Input ; Info     ; Stuck at GND      ;
; writeEnable ; Input ; Info     ; Stuck at GND      ;
+-------------+-------+----------+-------------------+


+-----------------------------------------------------+
; Post-Synthesis Netlist Statistics for Top Partition ;
+--------------------+--------------------------------+
; Type               ; Count                          ;
+--------------------+--------------------------------+
; boundary_port      ; 19                             ;
; stratixv_ram_block ; 8                              ;
;                    ;                                ;
; Max LUT depth      ; 0.00                           ;
; Average LUT depth  ; 0.00                           ;
+--------------------+--------------------------------+


+-------------------------------+
; Elapsed Time Per Partition    ;
+----------------+--------------+
; Partition Name ; Elapsed Time ;
+----------------+--------------+
; Top            ; 00:00:00     ;
+----------------+--------------+


+-------------------------------+
; Analysis & Synthesis Messages ;
+-------------------------------+
Info: *******************************************************************
Info: Running Quartus Prime Analysis & Synthesis
    Info: Version 16.0.0 Build 211 04/27/2016 SJ Lite Edition
    Info: Processing started: Sat Nov 11 20:46:50 2017
Info: Command: quartus_map --read_settings_files=on --write_settings_files=off finalProject -c finalProject
Warning (20028): Parallel compilation is not licensed and has been disabled
Warning (10275): Verilog HDL Module Instantiation warning at finalProject.v(15): ignored dangling comma in List of Port Connections File: C:/Users/Johnny Zou/Desktop/2nd Year/Verilog/Final Project/finalProject.v Line: 15
Info (12021): Found 2 design units, including 2 entities, in source file finalproject.v
    Info (12023): Found entity 1: finalProject File: C:/Users/Johnny Zou/Desktop/2nd Year/Verilog/Final Project/finalProject.v Line: 1
    Info (12023): Found entity 2: imgRAM_readOnly File: C:/Users/Johnny Zou/Desktop/2nd Year/Verilog/Final Project/finalProject.v Line: 22
Info (12127): Elaborating entity "finalProject" for the top level hierarchy
Info (12128): Elaborating entity "imgRAM_readOnly" for hierarchy "imgRAM_readOnly:imgRam" File: C:/Users/Johnny Zou/Desktop/2nd Year/Verilog/Final Project/finalProject.v Line: 15
Info (19000): Inferred 1 megafunctions from design logic
    Info (276029): Inferred altsyncram megafunction from the following design logic: "imgRAM_readOnly:imgRam|IMG_ram_rtl_0" 
        Info (286033): Parameter OPERATION_MODE set to ROM
        Info (286033): Parameter WIDTH_A set to 8
        Info (286033): Parameter WIDTHAD_A set to 11
        Info (286033): Parameter NUMWORDS_A set to 1025
        Info (286033): Parameter OUTDATA_REG_A set to UNREGISTERED
        Info (286033): Parameter ADDRESS_ACLR_A set to NONE
        Info (286033): Parameter OUTDATA_ACLR_A set to NONE
        Info (286033): Parameter INDATA_ACLR_A set to NONE
        Info (286033): Parameter WRCONTROL_ACLR_A set to NONE
        Info (286033): Parameter INIT_FILE set to  image.mif
Info (12130): Elaborated megafunction instantiation "imgRAM_readOnly:imgRam|altsyncram:IMG_ram_rtl_0"
Info (12133): Instantiated megafunction "imgRAM_readOnly:imgRam|altsyncram:IMG_ram_rtl_0" with the following parameter:
    Info (12134): Parameter "OPERATION_MODE" = "ROM"
    Info (12134): Parameter "WIDTH_A" = "8"
    Info (12134): Parameter "WIDTHAD_A" = "11"
    Info (12134): Parameter "NUMWORDS_A" = "1025"
    Info (12134): Parameter "OUTDATA_REG_A" = "UNREGISTERED"
    Info (12134): Parameter "ADDRESS_ACLR_A" = "NONE"
    Info (12134): Parameter "OUTDATA_ACLR_A" = "NONE"
    Info (12134): Parameter "INDATA_ACLR_A" = "NONE"
    Info (12134): Parameter "WRCONTROL_ACLR_A" = "NONE"
    Info (12134): Parameter "INIT_FILE" = " image.mif"
Info (12021): Found 1 design units, including 1 entities, in source file db/altsyncram_nha1.tdf
    Info (12023): Found entity 1: altsyncram_nha1 File: C:/Users/Johnny Zou/Desktop/2nd Year/Verilog/Final Project/db/altsyncram_nha1.tdf Line: 28
Critical Warning (127005): Memory depth (1025) in the design file differs from memory depth (784) in the Memory Initialization File "C:/Users/Johnny Zou/Desktop/2nd Year/Verilog/Final Project/image.mif" -- setting initial value for remaining addresses to 0 File: c:/altera_lite/16.0/quartus/libraries/megafunctions/altsyncram.tdf Line: 792
Info (17036): Removed 1 MSB VCC or GND address nodes from RAM block "imgRAM_readOnly:imgRam|altsyncram:IMG_ram_rtl_0|altsyncram_nha1:auto_generated|ALTSYNCRAM" File: C:/Users/Johnny Zou/Desktop/2nd Year/Verilog/Final Project/db/altsyncram_nha1.tdf Line: 35
Info (16010): Generating hard_block partition "hard_block:auto_generated_inst"
    Info (16011): Adding 0 node(s), including 0 DDIO, 0 PLL, 0 transceiver and 0 LCELL
Info (21057): Implemented 27 device resources after synthesis - the final resource count might be different
    Info (21058): Implemented 11 input pins
    Info (21059): Implemented 8 output pins
    Info (21064): Implemented 8 RAM segments
Info: Quartus Prime Analysis & Synthesis was successful. 0 errors, 3 warnings
    Info: Peak virtual memory: 902 megabytes
    Info: Processing ended: Sat Nov 11 20:47:01 2017
    Info: Elapsed time: 00:00:11
    Info: Total CPU time (on all processors): 00:00:24


